<?xml version="1.0" encoding="utf-8"?><testsuites name="pytest tests"><testsuite name="pytest" errors="0" failures="0" skipped="0" tests="4" time="0.813" timestamp="2026-09-03T22:51:37.949798+00:00" hostname="agent-env-3d4207d1-b3cb-4c68-8fad-812aae7b7c19"><testcase classname="tests.test_backend" name="test_health_contract" time="0.023" /><testcase classname="tests.test_backend" name="test_ingress_health_alias" time="0.003" /><testcase classname="tests.test_backend" name="test_no_supabase_dependency_in_backend" time="0.000" /><testcase classname="tests.test_environment" name="test_required_environment_validation" time="0.414" /></testsuite></testsuites>